#
# A fatal error has been detected by the Java Runtime Environment:
#
#  EXCEPTION_ACCESS_VIOLATION (0xc0000005) at pc=0x0000000070498ad5, pid=9212, tid=7532
#
# JRE version: Java(TM) SE Runtime Environment (8.0_73-b02) (build 1.8.0_73-b02)
# Java VM: Java HotSpot(TM) 64-Bit Server VM (25.73-b02 mixed mode windows-amd64 compressed oops)
# Problematic frame:
# V  [jvm.dll+0x128ad5]
#
# Failed to write core dump. Minidumps are not enabled by default on client versions of Windows
#
# If you would like to submit a bug report, please visit:
#   http://bugreport.java.com/bugreport/crash.jsp
#

---------------  T H R E A D  ---------------

Current thread (0x0000000019b13800):  JavaThread "JDWP Transport Listener: dt_socket" daemon [_thread_in_vm, id=7532, stack(0x000000001a0d0000,0x000000001a1d0000)]

siginfo: ExceptionCode=0xc0000005, reading address 0xffffffffffffffff

Registers:
RAX=0x000000001a1cf201, RBX=0x0000000019b13800, RCX=0xac0d109e00a7ac00, RDX=0x0000000000000000
RSP=0x000000001a1cf210, RBP=0xac0d109e00a7ac00, RSI=0x000000001a1cf328, RDI=0x0000000002778ad0
R8 =0x0000000019b13800, R9 =0x0000000000000000, R10=0x0000000000000000, R11=0x0000000000000064
R12=0x0000000000000000, R13=0x0000000019b08508, R14=0x0000000000000000, R15=0x0000000000000000
RIP=0x0000000070498ad5, EFLAGS=0x0000000000010286

Top of Stack: (sp=0x000000001a1cf210)
0x000000001a1cf210:   0000000019b13800 0000000019b13800
0x000000001a1cf220:   000000001a1cf2d8 000000007069e34b
0x000000001a1cf230:   0000000019b13800 00000000706babad
0x000000001a1cf240:   0000000000000000 00000000714b9155
0x000000001a1cf250:   0000000019bc6218 00000000714c291e
0x000000001a1cf260:   0000000019b13800 0000000000000000
0x000000001a1cf270:   0000000000000000 0000000000000000
0x000000001a1cf280:   ac0d109e00a7ac00 00000000714c1a15
0x000000001a1cf290:   000000001a1cf328 000000001a1cf300
0x000000001a1cf2a0:   0000000000000001 0000000019bc6218
0x000000001a1cf2b0:   ac0d109e00a7ac00 00000000714a53b3
0x000000001a1cf2c0:   000000001a1cf3f0 0000000000000001
0x000000001a1cf2d0:   0000000000000001 0000000019bc6218
0x000000001a1cf2e0:   0000000000000001 0000000000000000
0x000000001a1cf2f0:   0000000000000000 0000000000000000
0x000000001a1cf300:   0000000000000001 00000000714a5571 

Instructions: (pc=0x0000000070498ad5)
0x0000000070498ab5:   cc cc cc cc cc cc cc cc cc cc cc 48 83 ec 28 48
0x0000000070498ac5:   85 c9 75 07 33 c0 48 83 c4 28 c3 48 89 5c 24 20
0x0000000070498ad5:   48 8b 19 48 85 db 74 20 48 83 fb 37 74 1a 48 8b
0x0000000070498ae5:   13 48 8b cb ff 52 10 84 c0 74 0d 48 8b c3 48 8b 


Register to memory mapping:

RAX=0x000000001a1cf201 is pointing into the stack for thread: 0x0000000019b13800
RBX=0x0000000019b13800 is a thread
RCX=0xac0d109e00a7ac00 is an unknown value
RDX=0x0000000000000000 is an unknown value
RSP=0x000000001a1cf210 is pointing into the stack for thread: 0x0000000019b13800
RBP=0xac0d109e00a7ac00 is an unknown value
RSI=0x000000001a1cf328 is pointing into the stack for thread: 0x0000000019b13800
RDI=0x0000000002778ad0 is an unknown value
R8 =0x0000000019b13800 is a thread
R9 =0x0000000000000000 is an unknown value
R10=0x0000000000000000 is an unknown value
R11=0x0000000000000064 is an unknown value
R12=0x0000000000000000 is an unknown value
R13=0x0000000019b08508 is an unknown value
R14=0x0000000000000000 is an unknown value
R15=0x0000000000000000 is an unknown value


Stack: [0x000000001a0d0000,0x000000001a1d0000],  sp=0x000000001a1cf210,  free space=1020k
Native frames: (J=compiled Java code, j=interpreted, Vv=VM code, C=native code)
V  [jvm.dll+0x128ad5]
V  [jvm.dll+0x34abad]
C  [jdwp.dll+0x21a15]
C  [jdwp.dll+0x53b3]
C  [jdwp.dll+0x5571]
C  [jdwp.dll+0xf0a8]
C  [jdwp.dll+0x1f2d5]
C  [jdwp.dll+0x1f4aa]
V  [jvm.dll+0x1bbb58]
V  [jvm.dll+0x243234]
V  [jvm.dll+0x29a10a]
C  [msvcr100.dll+0x21d9f]
C  [msvcr100.dll+0x21e3b]
C  [KERNEL32.DLL+0x12d92]
C  [ntdll.dll+0x9f64]


---------------  P R O C E S S  ---------------

Java Threads: ( => current thread )
  0x0000000019bbd000 JavaThread "Service Thread" daemon [_thread_blocked, id=7140, stack(0x000000001a7d0000,0x000000001a8d0000)]
  0x0000000019b35800 JavaThread "C1 CompilerThread3" daemon [_thread_blocked, id=10052, stack(0x000000001a6d0000,0x000000001a7d0000)]
  0x0000000019b2a800 JavaThread "C2 CompilerThread2" daemon [_thread_blocked, id=8020, stack(0x000000001a5d0000,0x000000001a6d0000)]
  0x0000000019b2a000 JavaThread "C2 CompilerThread1" daemon [_thread_blocked, id=1484, stack(0x000000001a4d0000,0x000000001a5d0000)]
  0x0000000019b31000 JavaThread "C2 CompilerThread0" daemon [_thread_blocked, id=7408, stack(0x000000001a3d0000,0x000000001a4d0000)]
  0x0000000019b16800 JavaThread "JDWP Command Reader" daemon [_thread_in_native, id=6260, stack(0x000000001a2d0000,0x000000001a3d0000)]
  0x0000000019b15800 JavaThread "JDWP Event Helper Thread" daemon [_thread_blocked, id=9348, stack(0x000000001a1d0000,0x000000001a2d0000)]
=>0x0000000019b13800 JavaThread "JDWP Transport Listener: dt_socket" daemon [_thread_in_vm, id=7532, stack(0x000000001a0d0000,0x000000001a1d0000)]
  0x0000000019afb000 JavaThread "Attach Listener" daemon [_thread_blocked, id=5960, stack(0x0000000019fd0000,0x000000001a0d0000)]
  0x0000000019afa000 JavaThread "Signal Dispatcher" daemon [_thread_blocked, id=9996, stack(0x0000000019ed0000,0x0000000019fd0000)]
  0x00000000179ed000 JavaThread "Finalizer" daemon [_thread_blocked, id=7516, stack(0x00000000198d0000,0x00000000199d0000)]
  0x00000000179eb800 JavaThread "Reference Handler" daemon [_thread_blocked, id=8084, stack(0x00000000197d0000,0x00000000198d0000)]
  0x0000000002883800 JavaThread "main" [_thread_blocked, id=8748, stack(0x0000000002780000,0x0000000002880000)]

Other Threads:
  0x00000000179e7000 VMThread [stack: 0x00000000196d0000,0x00000000197d0000] [id=6216]
  0x0000000019bc9000 WatcherThread [stack: 0x000000001a8d0000,0x000000001a9d0000] [id=4916]

VM state:not at safepoint (normal execution)

VM Mutex/Monitor currently owned by a thread: None

Heap:
 PSYoungGen      total 76288K, used 7865K [0x00000000d5580000, 0x00000000daa80000, 0x0000000100000000)
  eden space 65536K, 12% used [0x00000000d5580000,0x00000000d5d2e758,0x00000000d9580000)
  from space 10752K, 0% used [0x00000000da000000,0x00000000da000000,0x00000000daa80000)
  to   space 10752K, 0% used [0x00000000d9580000,0x00000000d9580000,0x00000000da000000)
 ParOldGen       total 175104K, used 0K [0x0000000080000000, 0x000000008ab00000, 0x00000000d5580000)
  object space 175104K, 0% used [0x0000000080000000,0x0000000080000000,0x000000008ab00000)
 Metaspace       used 4503K, capacity 5258K, committed 5504K, reserved 1056768K
  class space    used 523K, capacity 562K, committed 640K, reserved 1048576K

Card table byte_map: [0x0000000011d40000,0x0000000012150000] byte_map_base: 0x0000000011940000

Marking Bits: (ParMarkBitMap*) 0x0000000070b80600
 Begin Bits: [0x0000000012c00000, 0x0000000014c00000)
 End Bits:   [0x0000000014c00000, 0x0000000016c00000)

Polling page: 0x0000000002620000

CodeCache: size=245760Kb used=1358Kb max_used=1361Kb free=244401Kb
 bounds [0x0000000002980000, 0x0000000002bf0000, 0x0000000011980000]
 total_blobs=385 nmethods=136 adapters=170
 compilation: enabled

Compilation events (10 events):
Event: 0.207 Thread 0x0000000019b35800  132  s    3       sun.misc.PerfCounter::get (9 bytes)
Event: 0.207 Thread 0x0000000019b35800 nmethod 132 0x0000000002ad0550 code [0x0000000002ad06c0, 0x0000000002ad0a48]
Event: 0.207 Thread 0x0000000019b35800  133       1       java.net.URLClassLoader::access$000 (5 bytes)
Event: 0.207 Thread 0x0000000019b35800 nmethod 133 0x0000000002acc7d0 code [0x0000000002acc920, 0x0000000002acca10]
Event: 0.207 Thread 0x0000000019b35800  135       3       java.util.zip.ZipFile::access$400 (5 bytes)
Event: 0.207 Thread 0x0000000019b35800 nmethod 135 0x0000000002ad0b50 code [0x0000000002ad0ca0, 0x0000000002ad0dd0]
Event: 0.207 Thread 0x0000000019b35800  134       1       sun.misc.URLClassPath$JarLoader::access$600 (5 bytes)
Event: 0.207 Thread 0x0000000019b35800 nmethod 134 0x0000000002ad0e90 code [0x0000000002ad0fe0, 0x0000000002ad10d0]
Event: 0.208 Thread 0x0000000019b31000  136       4       sun.nio.cs.UTF_8$Encoder::encode (359 bytes)
Event: 0.215 Thread 0x0000000019b31000 nmethod 136 0x0000000002ad4150 code [0x0000000002ad42a0, 0x0000000002ad46b8]

GC Heap History (0 events):
No events

Deoptimization events (0 events):
No events

Internal exceptions (7 events):
Event: 0.031 Thread 0x0000000002883800 Exception <a 'java/lang/NoSuchMethodError': Method sun.misc.Unsafe.defineClass(Ljava/lang/String;[BII)Ljava/lang/Class; name or signature does not match> (0x00000000d55930a0) thrown at [D:\re\puppet\workspace\8-2-build-windows-amd64-cygwin\jdk8u73\6086\hot8¶;úáŸ?
Event: 0.031 Thread 0x0000000002883800 Exception <a 'java/lang/NoSuchMethodError': Method sun.misc.Unsafe.prefetchRead(Ljava/lang/Object;J)V name or signature does not match> (0x00000000d5593388) thrown at [D:\re\puppet\workspace\8-2-build-windows-amd64-cygwin\jdk8u73\6086\hotspot\src\share\vm\É°ø¡ÉÄ?
Event: 0.162 Thread 0x0000000002883800 Exception <a 'java/io/FileNotFoundException'> (0x00000000d56a50e8) thrown at [D:\re\puppet\workspace\8-2-build-windows-amd64-cygwin\jdk8u73\6086\hotspot\src\share\vm\prims\jni.cpp, line 709]
Event: 0.181 Thread 0x0000000002883800 Exception <a 'java/security/PrivilegedActionException'> (0x00000000d5abdf18) thrown at [D:\re\puppet\workspace\8-2-build-windows-amd64-cygwin\jdk8u73\6086\hotspot\src\share\vm\prims\jvm.cpp, line 1386]
Event: 0.181 Thread 0x0000000002883800 Exception <a 'java/security/PrivilegedActionException'> (0x00000000d5abe128) thrown at [D:\re\puppet\workspace\8-2-build-windows-amd64-cygwin\jdk8u73\6086\hotspot\src\share\vm\prims\jvm.cpp, line 1386]
Event: 0.182 Thread 0x0000000002883800 Exception <a 'java/security/PrivilegedActionException'> (0x00000000d5ac1f70) thrown at [D:\re\puppet\workspace\8-2-build-windows-amd64-cygwin\jdk8u73\6086\hotspot\src\share\vm\prims\jvm.cpp, line 1386]
Event: 0.182 Thread 0x0000000002883800 Exception <a 'java/security/PrivilegedActionException'> (0x00000000d5ac2180) thrown at [D:\re\puppet\workspace\8-2-build-windows-amd64-cygwin\jdk8u73\6086\hotspot\src\share\vm\prims\jvm.cpp, line 1386]

Events (10 events):
Event: 16921.238 Executing VM operation: EnterInterpOnlyMode
Event: 16921.238 Executing VM operation: EnterInterpOnlyMode done
Event: 16921.238 Executing VM operation: EnterInterpOnlyMode
Event: 16921.238 Executing VM operation: EnterInterpOnlyMode done
Event: 16921.238 Executing VM operation: EnterInterpOnlyMode
Event: 16921.238 Executing VM operation: EnterInterpOnlyMode done
Event: 16947.248 Executing VM operation: RedefineClasses
Event: 16947.250 Executing VM operation: RedefineClasses done
Event: 16947.251 Executing VM operation: GetOrSetLocal
Event: 16947.251 Executing VM operation: GetOrSetLocal done


Dynamic libraries:
0x00007ff670b00000 - 0x00007ff670b37000 	C:\Program Files\Java\jdk1.8.0_73\bin\java.exe
0x00007ff9182a0000 - 0x00007ff918461000 	C:\Windows\SYSTEM32\ntdll.dll
0x00007ff915f60000 - 0x00007ff91600d000 	C:\Windows\system32\KERNEL32.DLL
0x00007ff915450000 - 0x00007ff91562d000 	C:\Windows\system32\KERNELBASE.dll
0x00007ff917870000 - 0x00007ff917916000 	C:\Windows\system32\ADVAPI32.dll
0x00007ff917fd0000 - 0x00007ff91806d000 	C:\Windows\system32\msvcrt.dll
0x00007ff915b10000 - 0x00007ff915b6b000 	C:\Windows\system32\sechost.dll
0x00007ff9159e0000 - 0x00007ff915b06000 	C:\Windows\system32\RPCRT4.dll
0x00007ff917ab0000 - 0x00007ff917bfe000 	C:\Windows\system32\USER32.dll
0x00007ff917920000 - 0x00007ff917aa6000 	C:\Windows\system32\GDI32.dll
0x00007ff90d480000 - 0x00007ff90d6f4000 	C:\Windows\WinSxS\amd64_microsoft.windows.common-controls_6595b64144ccf1df_6.0.10240.16384_none_f41f7b285750ef43\COMCTL32.dll
0x00007ff9160d0000 - 0x00007ff916106000 	C:\Windows\system32\IMM32.DLL
0x00007ff915e00000 - 0x00007ff915f5c000 	C:\Windows\system32\MSCTF.dll
0x00007ff914bc0000 - 0x00007ff914bf1000 	C:\Windows\system32\nvinitx.dll
0x00007ff914bb0000 - 0x00007ff914bba000 	C:\Windows\SYSTEM32\VERSION.dll
0x0000000072d60000 - 0x0000000072d66000 	C:\Program Files\NVIDIA Corporation\CoProcManager\_etoured.dll
0x00007ff911900000 - 0x00007ff911933000 	C:\Program Files\NVIDIA Corporation\CoProcManager\nvd3d9wrapx.dll
0x00007ff917da0000 - 0x00007ff917f65000 	C:\Windows\system32\SETUPAPI.dll
0x00007ff915630000 - 0x00007ff915674000 	C:\Windows\system32\CFGMGR32.dll
0x00007ff9118d0000 - 0x00007ff9118f2000 	C:\Program Files\NVIDIA Corporation\CoProcManager\nvdxgiwrapx.dll
0x00000000714f0000 - 0x00000000715c2000 	C:\Program Files\Java\jdk1.8.0_73\jre\bin\msvcr100.dll
0x0000000070370000 - 0x0000000070c00000 	C:\Program Files\Java\jdk1.8.0_73\jre\bin\server\jvm.dll
0x00007ff917d90000 - 0x00007ff917d98000 	C:\Windows\system32\PSAPI.DLL
0x00007ff908b90000 - 0x00007ff908b99000 	C:\Windows\SYSTEM32\WSOCK32.dll
0x00007ff912df0000 - 0x00007ff912e13000 	C:\Windows\SYSTEM32\WINMM.dll
0x00007ff916110000 - 0x00007ff916179000 	C:\Windows\system32\WS2_32.dll
0x00007ff915b70000 - 0x00007ff915b78000 	C:\Windows\system32\NSI.dll
0x0000000002650000 - 0x000000000267c000 	C:\Windows\SYSTEM32\WINMMBASE.dll
0x00007ff913610000 - 0x00007ff913637000 	C:\Windows\SYSTEM32\DEVOBJ.dll
0x0000000071b00000 - 0x0000000071b0f000 	C:\Program Files\Java\jdk1.8.0_73\jre\bin\verify.dll
0x0000000071ad0000 - 0x0000000071af9000 	C:\Program Files\Java\jdk1.8.0_73\jre\bin\java.dll
0x00000000714a0000 - 0x00000000714d5000 	C:\Program Files\Java\jdk1.8.0_73\jre\bin\jdwp.dll
0x0000000071490000 - 0x0000000071498000 	C:\Program Files\Java\jdk1.8.0_73\jre\bin\npt.dll
0x0000000071ab0000 - 0x0000000071ac6000 	C:\Program Files\Java\jdk1.8.0_73\jre\bin\zip.dll
0x00007ff916340000 - 0x00007ff917862000 	C:\Windows\system32\SHELL32.dll
0x00007ff914d70000 - 0x00007ff915398000 	C:\Windows\system32\windows.storage.dll
0x00007ff915b80000 - 0x00007ff915dfc000 	C:\Windows\system32\combase.dll
0x00007ff917f70000 - 0x00007ff917fc1000 	C:\Windows\system32\shlwapi.dll
0x00007ff914cf0000 - 0x00007ff914cff000 	C:\Windows\system32\kernel.appcore.dll
0x00007ff9158b0000 - 0x00007ff915963000 	C:\Windows\system32\shcore.dll
0x00007ff914d00000 - 0x00007ff914d4a000 	C:\Windows\system32\powrprof.dll
0x00007ff914cd0000 - 0x00007ff914ce3000 	C:\Windows\system32\profapi.dll
0x0000000071480000 - 0x0000000071489000 	C:\Program Files\Java\jdk1.8.0_73\jre\bin\dt_socket.dll
0x00007ff914490000 - 0x00007ff9144ed000 	C:\Windows\system32\mswsock.dll
0x00007ff908760000 - 0x00007ff9088ea000 	C:\Windows\SYSTEM32\dbghelp.dll

VM Arguments:
jvm_args: -agentlib:jdwp=transport=dt_socket,address=127.0.0.1:62029,suspend=y,server=n -ea -Didea.junit.sm_runner -Dfile.encoding=UTF-8 -Xmx2G 
java_command: com.intellij.rt.execution.junit.JUnitStarter -ideVersion5 VernamaTest
java_class_path (initial): C:\Program Files (x86)\JetBrains\IntelliJ IDEA 2016.2.5\lib\idea_rt.jar;C:\Program Files (x86)\JetBrains\IntelliJ IDEA 2016.2.5\plugins\junit\lib\junit-rt.jar;C:\Program Files\Java\jdk1.8.0_73\jre\lib\charsets.jar;C:\Program Files\Java\jdk1.8.0_73\jre\lib\deploy.jar;C:\Program Files\Java\jdk1.8.0_73\jre\lib\ext\access-bridge-64.jar;C:\Program Files\Java\jdk1.8.0_73\jre\lib\ext\cldrdata.jar;C:\Program Files\Java\jdk1.8.0_73\jre\lib\ext\dnsns.jar;C:\Program Files\Java\jdk1.8.0_73\jre\lib\ext\jaccess.jar;C:\Program Files\Java\jdk1.8.0_73\jre\lib\ext\jfxrt.jar;C:\Program Files\Java\jdk1.8.0_73\jre\lib\ext\localedata.jar;C:\Program Files\Java\jdk1.8.0_73\jre\lib\ext\nashorn.jar;C:\Program Files\Java\jdk1.8.0_73\jre\lib\ext\sunec.jar;C:\Program Files\Java\jdk1.8.0_73\jre\lib\ext\sunjce_provider.jar;C:\Program Files\Java\jdk1.8.0_73\jre\lib\ext\sunmscapi.jar;C:\Program Files\Java\jdk1.8.0_73\jre\lib\ext\sunpkcs11.jar;C:\Program Files\Java\jdk1.8.0_73\jre\lib\ext\zipfs.jar;C:\Program Files\Java\jdk1.8.0_73\jre\lib\javaws.jar;C:\Program Files\Java\jdk1.8.0_73\jre\lib\jce.jar;C:\Program Files\Java\jdk1.8.0_73\jre\lib\jfr.jar;C:\Program Files\Java\jdk1.8.0_73\jre\lib\jfxswt.jar;C:\Program Files\Java\jdk1.8.0_73\jre\lib\jsse.jar;C:\Program Files\Java\jdk1.8.0_73\jre\lib\management-agent.jar;C:\Program Files\Java\jdk1.8.0_73\jre\lib\plugin.jar;C:\Program Files\Java\jdk1.8.0_73\jre\lib\resources.jar;C:\Program Files\Java\jdk1.8.0_73\jre\lib\rt.jar;D:\projekt\Vernam\target\test-classes;D:\projekt\Vernam\target\classes;C:\Users\Pawel\.m2\repository\com\google\guava\guava\18.0\guava-18.0.jar;C:\Users\Pawel\.m2\repository\junit\junit\4.11\junit-4.11.jar;C:\Users\Pawel\.m2\repository\org\hamcrest\hamcrest-core\1.3\hamcrest-core-1.3.jar
Launcher Type: SUN_STANDARD

Environment Variables:
_JAVA_OPTIONS=-Xmx2G
PATH=E:\app\Pawel\product\12.1.0\dbhome_1\bin;D:\oraclexe\app\oracle\product\11.2.0\server\bin;C:\Program Files (x86)\Common Files\Intel\Shared Files\cpp\bin\Intel64;C:\ProgramData\Oracle\Java\javapath;C:\Windows\system32;C:\Windows;C:\Windows\System32\Wbem;C:\Windows\System32\WindowsPowerShell\v1.0\;C:\Program Files (x86)\NVIDIA Corporation\PhysX\Common;C:\Program Files\nodejs\;C:\Program Files (x86)\Windows Live\Shared;C:\Program Files\MySQL\MySQL Utilities 1.6\;C:\Windows\system32\config\systemprofile\.dnx\bin;C:\Program Files\Microsoft DNX\Dnvm\;C:\Program Files\Microsoft SQL Server\130\Tools\Binn\;C:\Program Files (x86)\Windows Kits\8.1\Windows Performance Toolkit\;D:\MATLAB\R2016a\runtime\win64;D:\MATLAB\R2016a\bin;D:\MATLAB\R2016a\polyspace\bin;C:\Program Files (x86)\Brackets\command;C:\Program Files\Git\cmd;C:\Program Files\Git\mingw64\bin;C:\Program Files\Git\usr\bin;C:\Program Files\MiKTeX 2.9\miktex\bin\x64\;C:\Users\Pawel\AppData\Roaming\npm
USERNAME=Pawel
OS=Windows_NT
PROCESSOR_IDENTIFIER=Intel64 Family 6 Model 58 Stepping 9, GenuineIntel



---------------  S Y S T E M  ---------------

OS: Windows 10.0 , 64 bit Build 10240 (10.0.10240.16384)

CPU:total 8 (4 cores per cpu, 2 threads per core) family 6 model 58 stepping 9, cmov, cx8, fxsr, mmx, sse, sse2, sse3, ssse3, sse4.1, sse4.2, popcnt, avx, aes, clmul, erms, ht, tsc, tscinvbit, tscinv

Memory: 4k page, physical 16660792k(10620428k free), swap 46269416k(37860620k free)

vm_info: Java HotSpot(TM) 64-Bit Server VM (25.73-b02) for windows-amd64 JRE (1.8.0_73-b02), built on Jan 29 2016 17:38:49 by "java_re" with MS VC++ 10.0 (VS2010)

time: Wed May 24 20:47:46 2017
elapsed time: 16947 seconds (0d 4h 42m 27s)

